<?xml version="1.0" encoding="UTF-8"?>
<!-- Generated by org.testng.reporters.JUnitReportReporter -->
<testsuite hostname="DESKTOP-VC3249G" failures="0" tests="6" name="testng.AnimalTest3" time="0.025" errors="0" timestamp="13 Jun 2022 10:27:07 GMT" skipped="0">
  <testcase classname="testng.AnimalTest3" name="dogTest" time="0.002"/>
  <testcase classname="testng.AnimalTest3" name="elephantTest" time="0.002"/>
  <testcase classname="testng.AnimalTest3" name="dogTest" time="0.012"/>
  <testcase classname="testng.AnimalTest3" name="ratTest" time="0.002"/>
  <testcase classname="testng.AnimalTest3" name="elephantTest" time="0.002"/>
  <testcase classname="testng.AnimalTest3" name="elephantTest" time="0.005"/>
</testsuite> <!-- testng.AnimalTest3 -->
