<?xml version="1.0" encoding="UTF-8"?>
<!-- Generated by org.testng.reporters.JUnitReportReporter -->
<testsuite hostname="DESKTOP-VC3249G" failures="0" tests="6" name="testng.AnimalTest4" time="0.024" errors="0" timestamp="13 Jun 2022 10:31:29 GMT" skipped="0">
  <testcase classname="testng.AnimalTest4" name="elephantTest" time="0.013"/>
  <testcase classname="testng.AnimalTest4" name="elephantTest" time="0.003"/>
  <testcase classname="testng.AnimalTest4" name="elephantTest" time="0.002"/>
  <testcase classname="testng.AnimalTest4" name="dogTest" time="0.001"/>
  <testcase classname="testng.AnimalTest4" name="dogTest" time="0.003"/>
  <testcase classname="testng.AnimalTest4" name="ratTest" time="0.002"/>
</testsuite> <!-- testng.AnimalTest4 -->
