<?xml version="1.0" encoding="UTF-8"?>
<!-- Generated by org.testng.reporters.JUnitReportReporter -->
<testsuite hostname="DESKTOP-VC3249G" failures="0" tests="1" name="com.crm.vtiger.VtigerDocumentTest" time="18.613" errors="0" timestamp="14 Jun 2022 12:32:48 GMT" skipped="0">
  <testcase classname="com.crm.vtiger.VtigerDocumentTest" name="createMethodVtigerDocumentTest" time="18.613"/>
</testsuite> <!-- com.crm.vtiger.VtigerDocumentTest -->
