<?xml version="1.0" encoding="UTF-8"?>
<!-- Generated by org.testng.reporters.JUnitReportReporter -->
<testsuite hostname="DESKTOP-VC3249G" failures="0" tests="6" name="testng.FetchingDataFromExcelTest" time="0.062" errors="0" timestamp="18 Jun 2022 20:11:40 GMT" skipped="0">
  <testcase classname="testng.FetchingDataFromExcelTest" name="journeyTest" time="0.027"/>
  <testcase classname="testng.FetchingDataFromExcelTest" name="journeyTest" time="0.010"/>
  <testcase classname="testng.FetchingDataFromExcelTest" name="journeyTest" time="0.004"/>
  <testcase classname="testng.FetchingDataFromExcelTest" name="journeyTest" time="0.009"/>
  <testcase classname="testng.FetchingDataFromExcelTest" name="journeyTest" time="0.007"/>
  <testcase classname="testng.FetchingDataFromExcelTest" name="journeyTest" time="0.005"/>
</testsuite> <!-- testng.FetchingDataFromExcelTest -->
