<?xml version="1.0" encoding="UTF-8"?>
<!-- Generated by org.testng.reporters.JUnitReportReporter -->
<testsuite hostname="DESKTOP-VC3249G" failures="0" tests="3" name="testng.AnimalTest6" time="0.030" errors="0" timestamp="13 Jun 2022 11:33:24 GMT" skipped="0">
  <testcase classname="testng.AnimalTest6" name="ratTest" time="0.003"/>
  <testcase classname="testng.AnimalTest6" name="dogTest" time="0.022"/>
  <testcase classname="testng.AnimalTest6" name="elephantTest" time="0.005"/>
</testsuite> <!-- testng.AnimalTest6 -->
