<?xml version="1.0" encoding="UTF-8"?>
<!-- Generated by org.testng.reporters.JUnitReportReporter -->
<testsuite hostname="DESKTOP-VC3249G" failures="0" tests="3" name="testng.AnimalsTest" time="0.024" errors="0" timestamp="13 Jun 2022 10:12:09 GMT" skipped="0">
  <testcase classname="testng.AnimalsTest" name="ratTest" time="0.003"/>
  <testcase classname="testng.AnimalsTest" name="dogTest" time="0.018"/>
  <testcase classname="testng.AnimalsTest" name="elephantTest" time="0.003"/>
</testsuite> <!-- testng.AnimalsTest -->
