<?xml version="1.0" encoding="UTF-8"?>
<!-- Generated by org.testng.reporters.JUnitReportReporter -->
<testsuite hostname="DESKTOP-VC3249G" failures="0" tests="3" name="testng.AnimalTest7" time="0.029" errors="0" timestamp="13 Jun 2022 18:41:05 GMT" skipped="0">
  <testcase classname="testng.AnimalTest7" name="dogTest" time="0.015"/>
  <testcase classname="testng.AnimalTest7" name="dogTest" time="0.012"/>
  <testcase classname="testng.AnimalTest7" name="dogTest" time="0.002"/>
</testsuite> <!-- testng.AnimalTest7 -->
