<?xml version="1.0" encoding="UTF-8"?>
<!-- Generated by org.testng.reporters.JUnitReportReporter -->
<testsuite hostname="DESKTOP-VC3249G" failures="0" tests="1" name="testng.CreatePurchaseOrderSelCopyShippingAddBillingAddPresCbTest" time="22.724" errors="0" timestamp="23 Jun 2022 09:26:24 GMT" skipped="0">
  <testcase classname="testng.CreatePurchaseOrderSelCopyShippingAddBillingAddPresCbTest" name="createMethodPurchaseOrderSelCopyShippingAddBillingAddPresCbTest" time="22.724"/>
</testsuite> <!-- testng.CreatePurchaseOrderSelCopyShippingAddBillingAddPresCbTest -->
