<?xml version="1.0" encoding="UTF-8"?>
<!-- Generated by org.testng.reporters.JUnitReportReporter -->
<testsuite hostname="DESKTOP-VC3249G" failures="0" tests="1" name="com.crm.vtiger.VtigerCreateProductAndCampaignTest" time="26.689" errors="0" timestamp="14 Jun 2022 12:25:45 GMT" skipped="0">
  <testcase classname="com.crm.vtiger.VtigerCreateProductAndCampaignTest" name="VtigerCreateProductAndCampaignTest" time="26.689"/>
</testsuite> <!-- com.crm.vtiger.VtigerCreateProductAndCampaignTest -->
