<?xml version="1.0" encoding="UTF-8"?>
<!-- Generated by org.testng.reporters.JUnitReportReporter -->
<testsuite hostname="DESKTOP-VC3249G" failures="0" tests="3" name="testng.DataProvidTest" time="0.020" errors="0" timestamp="14 Jun 2022 07:09:16 GMT" skipped="0">
  <testcase classname="testng.DataProvidTest" name="bookTicket" time="0.005"/>
  <testcase classname="testng.DataProvidTest" name="bookTicket" time="0.010"/>
  <testcase classname="testng.DataProvidTest" name="bookTicket" time="0.005"/>
</testsuite> <!-- testng.DataProvidTest -->
