<?xml version="1.0" encoding="UTF-8"?>
<!-- Generated by org.testng.reporters.JUnitReportReporter -->
<testsuite hostname="DESKTOP-VC3249G" failures="0" tests="3" name="testng.Animals1Test" time="0.026" errors="0" timestamp="13 Jun 2022 10:24:21 GMT" skipped="0">
  <testcase classname="testng.Animals1Test" name="dogTest" time="0.014"/>
  <testcase classname="testng.Animals1Test" name="elephantTest" time="0.007"/>
  <testcase classname="testng.Animals1Test" name="ratTest" time="0.005"/>
</testsuite> <!-- testng.Animals1Test -->
