<?xml version="1.0" encoding="UTF-8"?>
<!-- Generated by org.testng.reporters.JUnitReportReporter -->
<testsuite hostname="DESKTOP-VC3249G" failures="0" tests="3" name="testng.DataProvid1Test" time="0.022" errors="0" timestamp="18 Jun 2022 20:10:30 GMT" skipped="0">
  <testcase classname="testng.DataProvid1Test" name="bookTicketTest" time="0.003"/>
  <testcase classname="testng.DataProvid1Test" name="bookTicketTest" time="0.017"/>
  <testcase classname="testng.DataProvid1Test" name="bookTicketTest" time="0.002"/>
</testsuite> <!-- testng.DataProvid1Test -->
